Arguments: 
  /Users/areschen/.nvm/versions/node/v8.11.1/bin/node /Users/areschen/.nvm/versions/node/v8.11.1/bin/yarn

PATH: 
  /Users/areschen/.nvm/versions/node/v8.11.1/bin:/usr/local/bin:/usr/bin:/bin:/usr/sbin:/sbin:/Users/areschen/Project/vuex-actions/node_modules/.bin:/usr/local/etc/sonar-scanner/bin:/Users/areschen/Library/Android/sdk/tools:/Users/areschen/Library/Android/sdk/platform-tools:/Users/areschen/development/flutter/bin

Yarn version: 
  1.6.0

Node version: 
  8.11.1

Platform: 
  darwin x64

Trace: 
  SyntaxError: /Users/areschen/Project/vuex-actions/package.json: Unexpected token } in JSON at position 644
      at JSON.parse (<anonymous>)
      at /Users/areschen/.nvm/versions/node/v8.11.1/lib/node_modules/yarn/lib/cli.js:1130:59
      at Generator.next (<anonymous>)
      at step (/Users/areschen/.nvm/versions/node/v8.11.1/lib/node_modules/yarn/lib/cli.js:98:30)
      at /Users/areschen/.nvm/versions/node/v8.11.1/lib/node_modules/yarn/lib/cli.js:109:13
      at <anonymous>

npm manifest: 
  {
    "name": "vue-actions",
    "version": "2.2.2",
    "description": "utilities for vuex",
    "main": "./dist/index.js",
    "typings": "./index.d.ts",
    "scripts": {
      "build": "babel src --out-dir dist",
      "test": "jest --config ./jest.config.js"
    },
    "repository": {
      "type": "git",
      "url": "git+https://github.com/ariesjia/vue-actions.git"
    },
    "author": "",
    "license": "ISC",
    "bugs": {
      "url": "https://github.com/ariesjia/vue-actions/issues"
    },
    "homepage": "https://github.com/ariesjia/vue-actions#readme",
    "devDependencies": {
      "@babel/core": "^7.1.2",
      "@babel/preset-env": "^7.1.0",
      "jest": "^24.0.0",
    },
    "dependencies": {
      "lodash": "^4.12.0"
    }
  }

yarn manifest: 
  No manifest

Lockfile: 
  No lockfile
